{"level":"\u001b[32minfo\u001b[39m","message":"Api Gateway is running on PORT 3000","service":"identity-service","timestamp":"2025-09-21T04:12:35.086Z"}
{"level":"\u001b[32minfo\u001b[39m","message":"Identity Service is running on PORT http://localhost:3001","service":"identity-service","timestamp":"2025-09-21T04:12:35.087Z"}
{"level":"\u001b[32minfo\u001b[39m","message":"Redis Urlredis://localhost:6379","service":"identity-service","timestamp":"2025-09-21T04:12:35.088Z"}
{"level":"\u001b[32minfo\u001b[39m","message":"Api Gateway is running on PORT 3000","service":"api","timestamp":"2025-09-21T04:15:59.195Z"}
{"level":"\u001b[32minfo\u001b[39m","message":"Identity Service is running on PORT http://localhost:3001","service":"api","timestamp":"2025-09-21T04:15:59.196Z"}
{"level":"\u001b[32minfo\u001b[39m","message":"Redis Urlredis://localhost:6379","service":"api","timestamp":"2025-09-21T04:15:59.196Z"}
{"level":"\u001b[32minfo\u001b[39m","message":"Api Gateway is running on PORT 3000","service":"api-","timestamp":"2025-09-21T04:16:00.519Z"}
{"level":"\u001b[32minfo\u001b[39m","message":"Identity Service is running on PORT http://localhost:3001","service":"api-","timestamp":"2025-09-21T04:16:00.520Z"}
{"level":"\u001b[32minfo\u001b[39m","message":"Redis Urlredis://localhost:6379","service":"api-","timestamp":"2025-09-21T04:16:00.521Z"}
{"level":"\u001b[32minfo\u001b[39m","message":"Api Gateway is running on PORT 3000","service":"api-gateway","timestamp":"2025-09-21T04:16:03.904Z"}
{"level":"\u001b[32minfo\u001b[39m","message":"Identity Service is running on PORT http://localhost:3001","service":"api-gateway","timestamp":"2025-09-21T04:16:03.905Z"}
{"level":"\u001b[32minfo\u001b[39m","message":"Redis Urlredis://localhost:6379","service":"api-gateway","timestamp":"2025-09-21T04:16:03.905Z"}
{"level":"\u001b[31merror\u001b[39m","message":"logger is not defined","service":"api-gateway","stack":"ReferenceError: logger is not defined\n    at requestLogger (/Users/shyamsundarsahoo/Desktop/webdev/backend-materials/20.Social-Media-Microservice/api-gateway/src/middlewares/requestLogger.js:7:5)\n    at Layer.handleRequest (/Users/shyamsundarsahoo/Desktop/webdev/backend-materials/20.Social-Media-Microservice/api-gateway/node_modules/router/lib/layer.js:152:17)\n    at trimPrefix (/Users/shyamsundarsahoo/Desktop/webdev/backend-materials/20.Social-Media-Microservice/api-gateway/node_modules/router/index.js:342:13)\n    at /Users/shyamsundarsahoo/Desktop/webdev/backend-materials/20.Social-Media-Microservice/api-gateway/node_modules/router/index.js:297:9\n    at processParams (/Users/shyamsundarsahoo/Desktop/webdev/backend-materials/20.Social-Media-Microservice/api-gateway/node_modules/router/index.js:582:12)\n    at next (/Users/shyamsundarsahoo/Desktop/webdev/backend-materials/20.Social-Media-Microservice/api-gateway/node_modules/router/index.js:291:5)\n    at /Users/shyamsundarsahoo/Desktop/webdev/backend-materials/20.Social-Media-Microservice/api-gateway/node_modules/body-parser/lib/read.js:132:5\n    at AsyncResource.runInAsyncScope (node:async_hooks:214:14)\n    at invokeCallback (/Users/shyamsundarsahoo/Desktop/webdev/backend-materials/20.Social-Media-Microservice/api-gateway/node_modules/raw-body/index.js:238:16)\n    at done (/Users/shyamsundarsahoo/Desktop/webdev/backend-materials/20.Social-Media-Microservice/api-gateway/node_modules/raw-body/index.js:227:7)","timestamp":"2025-09-21T04:17:03.669Z"}
{"level":"\u001b[32minfo\u001b[39m","message":"Api Gateway is running on PORT 3000","service":"api-gateway","timestamp":"2025-09-21T04:19:09.560Z"}
{"level":"\u001b[32minfo\u001b[39m","message":"Identity Service is running on PORT http://localhost:3001","service":"api-gateway","timestamp":"2025-09-21T04:19:09.561Z"}
{"level":"\u001b[32minfo\u001b[39m","message":"Redis Urlredis://localhost:6379","service":"api-gateway","timestamp":"2025-09-21T04:19:09.561Z"}
{"level":"\u001b[31merror\u001b[39m","message":"logger is not defined","service":"api-gateway","stack":"ReferenceError: logger is not defined\n    at requestLogger (/Users/shyamsundarsahoo/Desktop/webdev/backend-materials/20.Social-Media-Microservice/api-gateway/src/middlewares/requestLogger.js:7:5)\n    at Layer.handleRequest (/Users/shyamsundarsahoo/Desktop/webdev/backend-materials/20.Social-Media-Microservice/api-gateway/node_modules/router/lib/layer.js:152:17)\n    at trimPrefix (/Users/shyamsundarsahoo/Desktop/webdev/backend-materials/20.Social-Media-Microservice/api-gateway/node_modules/router/index.js:342:13)\n    at /Users/shyamsundarsahoo/Desktop/webdev/backend-materials/20.Social-Media-Microservice/api-gateway/node_modules/router/index.js:297:9\n    at processParams (/Users/shyamsundarsahoo/Desktop/webdev/backend-materials/20.Social-Media-Microservice/api-gateway/node_modules/router/index.js:582:12)\n    at next (/Users/shyamsundarsahoo/Desktop/webdev/backend-materials/20.Social-Media-Microservice/api-gateway/node_modules/router/index.js:291:5)\n    at /Users/shyamsundarsahoo/Desktop/webdev/backend-materials/20.Social-Media-Microservice/api-gateway/node_modules/body-parser/lib/read.js:132:5\n    at AsyncResource.runInAsyncScope (node:async_hooks:214:14)\n    at invokeCallback (/Users/shyamsundarsahoo/Desktop/webdev/backend-materials/20.Social-Media-Microservice/api-gateway/node_modules/raw-body/index.js:238:16)\n    at done (/Users/shyamsundarsahoo/Desktop/webdev/backend-materials/20.Social-Media-Microservice/api-gateway/node_modules/raw-body/index.js:227:7)","timestamp":"2025-09-21T04:20:59.653Z"}
{"level":"\u001b[32minfo\u001b[39m","message":"Api Gateway is running on PORT 3000","service":"api-gateway","timestamp":"2025-09-21T04:22:57.557Z"}
{"level":"\u001b[32minfo\u001b[39m","message":"Identity Service is running on PORT http://localhost:3001","service":"api-gateway","timestamp":"2025-09-21T04:22:57.558Z"}
{"level":"\u001b[32minfo\u001b[39m","message":"Redis Urlredis://localhost:6379","service":"api-gateway","timestamp":"2025-09-21T04:22:57.558Z"}
{"level":"\u001b[32minfo\u001b[39m","message":"Api Gateway is running on PORT 3000","service":"api-gateway","timestamp":"2025-09-21T04:23:22.420Z"}
{"level":"\u001b[32minfo\u001b[39m","message":"Identity Service is running on PORT http://localhost:3001","service":"api-gateway","timestamp":"2025-09-21T04:23:22.421Z"}
{"level":"\u001b[32minfo\u001b[39m","message":"Redis Url redis://localhost:6379","service":"api-gateway","timestamp":"2025-09-21T04:23:22.421Z"}
{"level":"\u001b[31merror\u001b[39m","message":"logger is not defined","service":"api-gateway","stack":"ReferenceError: logger is not defined\n    at requestLogger (/Users/shyamsundarsahoo/Desktop/webdev/backend-materials/20.Social-Media-Microservice/api-gateway/src/middlewares/requestLogger.js:7:5)\n    at Layer.handleRequest (/Users/shyamsundarsahoo/Desktop/webdev/backend-materials/20.Social-Media-Microservice/api-gateway/node_modules/router/lib/layer.js:152:17)\n    at trimPrefix (/Users/shyamsundarsahoo/Desktop/webdev/backend-materials/20.Social-Media-Microservice/api-gateway/node_modules/router/index.js:342:13)\n    at /Users/shyamsundarsahoo/Desktop/webdev/backend-materials/20.Social-Media-Microservice/api-gateway/node_modules/router/index.js:297:9\n    at processParams (/Users/shyamsundarsahoo/Desktop/webdev/backend-materials/20.Social-Media-Microservice/api-gateway/node_modules/router/index.js:582:12)\n    at next (/Users/shyamsundarsahoo/Desktop/webdev/backend-materials/20.Social-Media-Microservice/api-gateway/node_modules/router/index.js:291:5)\n    at /Users/shyamsundarsahoo/Desktop/webdev/backend-materials/20.Social-Media-Microservice/api-gateway/node_modules/body-parser/lib/read.js:132:5\n    at AsyncResource.runInAsyncScope (node:async_hooks:214:14)\n    at invokeCallback (/Users/shyamsundarsahoo/Desktop/webdev/backend-materials/20.Social-Media-Microservice/api-gateway/node_modules/raw-body/index.js:238:16)\n    at done (/Users/shyamsundarsahoo/Desktop/webdev/backend-materials/20.Social-Media-Microservice/api-gateway/node_modules/raw-body/index.js:227:7)","timestamp":"2025-09-21T04:23:42.554Z"}
{"level":"\u001b[32minfo\u001b[39m","message":"Api Gateway is running on PORT 3000","service":"api-gateway","timestamp":"2025-09-21T04:25:18.273Z"}
{"level":"\u001b[32minfo\u001b[39m","message":"Identity Service is running on PORT http://localhost:3001","service":"api-gateway","timestamp":"2025-09-21T04:25:18.274Z"}
{"level":"\u001b[32minfo\u001b[39m","message":"Redis Url redis://localhost:6379","service":"api-gateway","timestamp":"2025-09-21T04:25:18.274Z"}
{"level":"\u001b[32minfo\u001b[39m","message":"Request received : POST - /v1/auth/register","service":"api-gateway","timestamp":"2025-09-21T04:25:32.667Z"}
{"level":"\u001b[32minfo\u001b[39m","message":"Request Body : {\"username\":\"Shyam013\",\"email\":\"shyamsundarsahoo13@gmail.com\",\"password\":\"Shyam@1234\"}","service":"api-gateway","timestamp":"2025-09-21T04:25:32.667Z"}
{"level":"\u001b[31merror\u001b[39m","message":"Proxy error: ","service":"api-gateway","timestamp":"2025-09-21T04:25:32.673Z"}
{"level":"\u001b[32minfo\u001b[39m","message":"Request received : POST - /v1/auth/register","service":"api-gateway","timestamp":"2025-09-21T04:26:44.548Z"}
{"level":"\u001b[32minfo\u001b[39m","message":"Request Body : {\"username\":\"Shyam013\",\"email\":\"shyamsundarsahoo13@gmail.com\",\"password\":\"Shyam@1234\"}","service":"api-gateway","timestamp":"2025-09-21T04:26:44.549Z"}
{"level":"\u001b[32minfo\u001b[39m","message":"Response received from Identity Service for POST /v1/auth/register with status code 400","service":"api-gateway","timestamp":"2025-09-21T04:26:44.660Z"}
{"level":"\u001b[32minfo\u001b[39m","message":"Request received : POST - /v1/auth/register","service":"api-gateway","timestamp":"2025-09-21T04:29:33.678Z"}
{"level":"\u001b[32minfo\u001b[39m","message":"Request Body : {\"username\":\"Shyam013\",\"email\":\"shyamsundarsahoo13@gmail.com\",\"password\":\"Shyam@1234\"}","service":"api-gateway","timestamp":"2025-09-21T04:29:33.678Z"}
{"level":"\u001b[31merror\u001b[39m","message":"Proxy error: ","service":"api-gateway","timestamp":"2025-09-21T04:29:33.680Z"}
{"level":"\u001b[32minfo\u001b[39m","message":"Api Gateway is running on PORT 3000","service":"api-gateway","timestamp":"2025-09-21T04:30:05.831Z"}
{"level":"\u001b[32minfo\u001b[39m","message":"Identity Service is running on PORT http://localhost:3001","service":"api-gateway","timestamp":"2025-09-21T04:30:05.832Z"}
{"level":"\u001b[32minfo\u001b[39m","message":"Redis Url redis://localhost:6379","service":"api-gateway","timestamp":"2025-09-21T04:30:05.832Z"}
{"level":"\u001b[32minfo\u001b[39m","message":"Api Gateway is running on PORT 3000","service":"api-gateway","timestamp":"2025-09-21T04:30:40.142Z"}
{"level":"\u001b[32minfo\u001b[39m","message":"Identity Service is running on PORT http://localhost:3001","service":"api-gateway","timestamp":"2025-09-21T04:30:40.143Z"}
{"level":"\u001b[32minfo\u001b[39m","message":"Redis Url redis://localhost:6379","service":"api-gateway","timestamp":"2025-09-21T04:30:40.143Z"}
{"level":"\u001b[32minfo\u001b[39m","message":"Api Gateway is running on PORT 3000","service":"api-gateway","timestamp":"2025-09-21T04:31:18.469Z"}
{"level":"\u001b[32minfo\u001b[39m","message":"Identity Service is running on PORT http://localhost:3001","service":"api-gateway","timestamp":"2025-09-21T04:31:18.470Z"}
{"level":"\u001b[32minfo\u001b[39m","message":"Redis Url redis://localhost:6379","service":"api-gateway","timestamp":"2025-09-21T04:31:18.470Z"}
{"level":"\u001b[32minfo\u001b[39m","message":"Api Gateway is running on PORT 3000","service":"api-gateway","timestamp":"2025-09-21T04:32:51.826Z"}
{"level":"\u001b[32minfo\u001b[39m","message":"Identity Service is running on PORT http://localhost:3001","service":"api-gateway","timestamp":"2025-09-21T04:32:51.827Z"}
{"level":"\u001b[32minfo\u001b[39m","message":"Redis Url redis://localhost:6379","service":"api-gateway","timestamp":"2025-09-21T04:32:51.827Z"}
{"level":"\u001b[32minfo\u001b[39m","message":"Api Gateway is running on PORT 3000","service":"api-gateway","timestamp":"2025-09-21T04:33:25.243Z"}
{"level":"\u001b[32minfo\u001b[39m","message":"Identity Service is running on PORT http://localhost:3001","service":"api-gateway","timestamp":"2025-09-21T04:33:25.244Z"}
{"level":"\u001b[32minfo\u001b[39m","message":"Redis Url redis://localhost:6379","service":"api-gateway","timestamp":"2025-09-21T04:33:25.244Z"}
{"level":"\u001b[32minfo\u001b[39m","message":"Api Gateway is running on PORT 3000","service":"api-gateway","timestamp":"2025-09-21T04:33:28.745Z"}
{"level":"\u001b[32minfo\u001b[39m","message":"Identity Service is running on PORT http://localhost:3001","service":"api-gateway","timestamp":"2025-09-21T04:33:28.746Z"}
{"level":"\u001b[32minfo\u001b[39m","message":"Redis Url redis://localhost:6379","service":"api-gateway","timestamp":"2025-09-21T04:33:28.746Z"}
{"level":"\u001b[32minfo\u001b[39m","message":"Api Gateway is running on PORT 3000","service":"api-gateway","timestamp":"2025-09-21T04:33:30.009Z"}
{"level":"\u001b[32minfo\u001b[39m","message":"Identity Service is running on PORT http://localhost:3001","service":"api-gateway","timestamp":"2025-09-21T04:33:30.010Z"}
{"level":"\u001b[32minfo\u001b[39m","message":"Redis Url redis://localhost:6379","service":"api-gateway","timestamp":"2025-09-21T04:33:30.010Z"}
{"level":"\u001b[32minfo\u001b[39m","message":"Api Gateway is running on PORT 3000","service":"api-gateway","timestamp":"2025-09-21T04:33:32.688Z"}
{"level":"\u001b[32minfo\u001b[39m","message":"Identity Service is running on PORT http://localhost:3001","service":"api-gateway","timestamp":"2025-09-21T04:33:32.689Z"}
{"level":"\u001b[32minfo\u001b[39m","message":"Redis Url redis://localhost:6379","service":"api-gateway","timestamp":"2025-09-21T04:33:32.689Z"}
{"level":"\u001b[32minfo\u001b[39m","message":"Api Gateway is running on PORT 3000","service":"api-gateway","timestamp":"2025-09-21T04:36:49.819Z"}
{"level":"\u001b[32minfo\u001b[39m","message":"Identity Service is running on PORT http://localhost:3001","service":"api-gateway","timestamp":"2025-09-21T04:36:49.820Z"}
{"level":"\u001b[32minfo\u001b[39m","message":"Redis Url redis://localhost:6379","service":"api-gateway","timestamp":"2025-09-21T04:36:49.820Z"}
{"level":"\u001b[32minfo\u001b[39m","message":"Request received : POST - /v1/auth/register","service":"api-gateway","timestamp":"2025-09-21T04:37:16.633Z"}
{"level":"\u001b[32minfo\u001b[39m","message":"Request Body : {\"username\":\"Shyam013\",\"email\":\"shyamsundarsahoo13@gmail.com\",\"password\":\"Shyam@1234\"}","service":"api-gateway","timestamp":"2025-09-21T04:37:16.633Z"}
{"level":"\u001b[31merror\u001b[39m","message":"Proxy error: AggregateError","service":"api-gateway","timestamp":"2025-09-21T04:37:16.638Z"}
{"level":"\u001b[32minfo\u001b[39m","message":"Request received : POST - /v1/auth/register","service":"api-gateway","timestamp":"2025-09-21T04:37:19.845Z"}
{"level":"\u001b[32minfo\u001b[39m","message":"Request Body : {\"username\":\"Shyam013\",\"email\":\"shyamsundarsahoo13@gmail.com\",\"password\":\"Shyam@1234\"}","service":"api-gateway","timestamp":"2025-09-21T04:37:19.845Z"}
{"level":"\u001b[31merror\u001b[39m","message":"Proxy error: AggregateError","service":"api-gateway","timestamp":"2025-09-21T04:37:19.848Z"}
{"level":"\u001b[32minfo\u001b[39m","message":"Api Gateway is running on PORT 3000","service":"api-gateway","timestamp":"2025-09-21T04:38:03.769Z"}
{"level":"\u001b[32minfo\u001b[39m","message":"Identity Service is running on PORT http://localhost:3001","service":"api-gateway","timestamp":"2025-09-21T04:38:03.770Z"}
{"level":"\u001b[32minfo\u001b[39m","message":"Redis Url redis://localhost:6379","service":"api-gateway","timestamp":"2025-09-21T04:38:03.770Z"}
{"level":"\u001b[32minfo\u001b[39m","message":"Api Gateway is running on PORT 3000","service":"api-gateway","timestamp":"2025-09-21T04:38:05.023Z"}
{"level":"\u001b[32minfo\u001b[39m","message":"Identity Service is running on PORT http://localhost:3001","service":"api-gateway","timestamp":"2025-09-21T04:38:05.024Z"}
{"level":"\u001b[32minfo\u001b[39m","message":"Redis Url redis://localhost:6379","service":"api-gateway","timestamp":"2025-09-21T04:38:05.024Z"}
{"level":"\u001b[32minfo\u001b[39m","message":"Api Gateway is running on PORT 3000","service":"api-gateway","timestamp":"2025-09-21T04:38:06.049Z"}
{"level":"\u001b[32minfo\u001b[39m","message":"Identity Service is running on PORT http://localhost:3001","service":"api-gateway","timestamp":"2025-09-21T04:38:06.050Z"}
{"level":"\u001b[32minfo\u001b[39m","message":"Redis Url redis://localhost:6379","service":"api-gateway","timestamp":"2025-09-21T04:38:06.050Z"}
{"level":"\u001b[32minfo\u001b[39m","message":"Request received : POST - /v1/auth/register","service":"api-gateway","timestamp":"2025-09-21T04:38:15.931Z"}
{"level":"\u001b[32minfo\u001b[39m","message":"Request Body : {\"username\":\"Shyam013\",\"email\":\"shyamsundarsahoo13@gmail.com\",\"password\":\"Shyam@1234\"}","service":"api-gateway","timestamp":"2025-09-21T04:38:15.932Z"}
{"level":"\u001b[31merror\u001b[39m","message":"Proxy error: ","service":"api-gateway","timestamp":"2025-09-21T04:38:15.938Z"}
{"level":"\u001b[32minfo\u001b[39m","message":"Api Gateway is running on PORT 3000","service":"api-gateway","timestamp":"2025-09-21T04:38:27.930Z"}
{"level":"\u001b[32minfo\u001b[39m","message":"Identity Service is running on PORT http://localhost:3001","service":"api-gateway","timestamp":"2025-09-21T04:38:27.930Z"}
{"level":"\u001b[32minfo\u001b[39m","message":"Redis Url redis://localhost:6379","service":"api-gateway","timestamp":"2025-09-21T04:38:27.931Z"}
{"level":"\u001b[32minfo\u001b[39m","message":"Request received : POST - /v1/auth/register","service":"api-gateway","timestamp":"2025-09-21T04:38:29.078Z"}
{"level":"\u001b[32minfo\u001b[39m","message":"Request Body : {\"username\":\"Shyam013\",\"email\":\"shyamsundarsahoo13@gmail.com\",\"password\":\"Shyam@1234\"}","service":"api-gateway","timestamp":"2025-09-21T04:38:29.079Z"}
{"level":"\u001b[31merror\u001b[39m","message":"Proxy error: ","service":"api-gateway","timestamp":"2025-09-21T04:38:29.085Z"}
{"level":"\u001b[32minfo\u001b[39m","message":"Request received : POST - /v1/auth/register","service":"api-gateway","timestamp":"2025-09-21T04:38:37.194Z"}
{"level":"\u001b[32minfo\u001b[39m","message":"Request Body : {\"username\":\"Shyam013\",\"email\":\"shyamsundarsahoo13@gmail.com\",\"password\":\"Shyam@1234\"}","service":"api-gateway","timestamp":"2025-09-21T04:38:37.194Z"}
{"level":"\u001b[32minfo\u001b[39m","message":"Response received from Identity Service for POST /v1/auth/register with status code 400","service":"api-gateway","timestamp":"2025-09-21T04:38:37.301Z"}
{"level":"\u001b[32minfo\u001b[39m","message":"Request received : POST - /v1/auth/register","service":"api-gateway","timestamp":"2025-09-21T04:38:51.469Z"}
{"level":"\u001b[32minfo\u001b[39m","message":"Request Body : {\"username\":\"Shyam014\",\"email\":\"shyamsundarsahoo14@gmail.com\",\"password\":\"Shyam@12345\"}","service":"api-gateway","timestamp":"2025-09-21T04:38:51.469Z"}
{"level":"\u001b[32minfo\u001b[39m","message":"Response received from Identity Service for POST /v1/auth/register with status code 201","service":"api-gateway","timestamp":"2025-09-21T04:38:51.777Z"}
